<?xml version="1.0" encoding="utf-8"?><testsuites name="pytest tests"><testsuite name="pytest" errors="0" failures="0" skipped="0" tests="30" time="51.488" timestamp="2026-07-07T18:15:26.571161+00:00" hostname="agent-env-d833083b-f047-4842-af6f-bb70ad586f1d"><testcase classname="tests.backend_test" name="test_health" time="0.205" /><testcase classname="tests.backend_test" name="test_register_tenant" time="0.334" /><testcase classname="tests.backend_test" name="test_register_owner" time="0.335" /><testcase classname="tests.backend_test" name="test_register_tenant2" time="0.358" /><testcase classname="tests.backend_test" name="test_register_duplicate_email" time="0.114" /><testcase classname="tests.backend_test" name="test_login_tenant" time="0.390" /><testcase classname="tests.backend_test" name="test_login_admin" time="0.351" /><testcase classname="tests.backend_test" name="test_login_invalid" time="0.345" /><testcase classname="tests.backend_test" name="test_me" time="0.110" /><testcase classname="tests.backend_test" name="test_me_no_token" time="0.108" /><testcase classname="tests.backend_test" name="test_upload_and_fetch_file" time="0.639" /><testcase classname="tests.backend_test" name="test_upload_kyc_docs" time="0.626" /><testcase classname="tests.backend_test" name="test_kyc_submit_owner" time="0.277" /><testcase classname="tests.backend_test" name="test_admin_approve_kyc" time="0.237" /><testcase classname="tests.backend_test" name="test_tenant_cannot_create_property" time="0.109" /><testcase classname="tests.backend_test" name="test_owner_create_property_ai_verify" time="43.811" /><testcase classname="tests.backend_test" name="test_owner_list_own" time="0.213" /><testcase classname="tests.backend_test" name="test_public_listings_hide_contact" time="0.106" /><testcase classname="tests.backend_test" name="test_property_detail_hides_contact_for_tenant" time="0.190" /><testcase classname="tests.backend_test" name="test_property_detail_owner_sees_contact" time="0.129" /><testcase classname="tests.backend_test" name="test_admin_stats" time="0.140" /><testcase classname="tests.backend_test" name="test_admin_list_pending" time="0.153" /><testcase classname="tests.backend_test" name="test_non_admin_cannot_admin" time="0.128" /><testcase classname="tests.backend_test" name="test_admin_property_action" time="0.250" /><testcase classname="tests.backend_test" name="test_payments_config" time="0.141" /><testcase classname="tests.backend_test" name="test_payment_order_503_without_keys" time="0.116" /><testcase classname="tests.backend_test" name="test_payment_order_premium_503" time="0.100" /><testcase classname="tests.backend_test" name="test_visit_booking_flow" time="0.355" /><testcase classname="tests.backend_test" name="test_visit_role_enforcement" time="0.111" /><testcase classname="tests.backend_test" name="test_chat_send_and_receive" time="0.341" /></testsuite></testsuites>